     0.516 Keycode 115, name s
     0.006 Keycode 100, name d
     0.081 Keycode 102, name f
     0.072 Keycode 103, name g
     0.095 Keycode 115, name s
     0.048 Keycode 100, name d
     0.056 Keycode 102, name f
     0.063 Keycode 103, name g
     0.128 Keycode 101, name e
     0.022 Keycode 114, name r
     0.121 Keycode 116, name t
     0.006 Keycode 104, name h
     0.137 Keycode 101, name e
     0.073 Keycode 108, name l
     0.047 Keycode 103, name g
     0.055 Keycode 107, name k
     0.008 Keycode 98, name b
     0.096 Keycode 101, name e
     0.056 Keycode 114, name r
     0.113 Keycode 116, name t
     0.000 Keycode 107, name k
     0.004 Keycode 104, name h
     0.040 Keycode 109, name m
     0.032 Keycode 101, name e
     0.056 Keycode 107, name k
     0.023 Keycode 114, name r
     0.072 Keycode 116, name t
     0.006 Keycode 104, name h
     0.096 Keycode 101, name e
     0.096 Keycode 10, name ^J
     0.095 Keycode 36, name $
     0.033 Keycode 40, name (
     0.000 Keycode 45, name -
     0.096 Keycode 195, name M-C
     0.000 Keycode 168, name M-(
     0.000 Keycode 263, name KEY_BACKSPACE
     0.054 Keycode 34, name "
     1.640 Keycode 113, name q
